"Start of log file."
"C:/Users/spawn/Desktop/GBC/W2018/GAE9C0~1/UNITYV~1/UNITY_~1/GAME20~1/Assets/props/Laundry/Broom.max"
"Starting max loading and fbx conversion"
window = undefined
"Settings units"
"Before fbx export"
"After fbx export"
"Finished max loading and fbx conversion"
"C:/Users/spawn/Desktop/GBC/W2018/GAE9C0~1/UNITYV~1/UNITY_~1/GAME20~1/Assets/props/ANCIEN~1/Scroll.max"
"Starting max loading and fbx conversion"
window = undefined
"Settings units"
"Before fbx export"
"After fbx export"
"Finished max loading and fbx conversion"
"C:/Users/spawn/Desktop/GBC/W2018/GAE9C0~1/UNITYV~1/UNITY_~1/GAME20~1/Assets/_IMPOR~1/props/Church/models/pew.MAX"
"Starting max loading and fbx conversion"
window = undefined
"Settings units"
"Before fbx export"
"After fbx export"
"Finished max loading and fbx conversion"
"C:/Users/spawn/Desktop/GBC/W2018/GAE9C0~1/UNITYV~1/UNITY_~1/GAME20~1/Assets/_IMPOR~1/props/Organ/ORCHES~1.MAX"
"Starting max loading and fbx conversion"
window = undefined
"Settings units"
"Before fbx export"
"After fbx export"
"Finished max loading and fbx conversion"
